[19916:3252:0623/201502.629:WARNING:chrome_main_delegate.cc(745)] This is Chrome version 128.0.6613.138 (not a warning)
[19916:3252:0623/201502.639:ERROR:os_crypt_win.cc(100)] Failed to decrypt: Key not valid for use in specified state. (0x8009000B)
[19916:22584:0623/201502.656:ERROR:google_update_settings.cc(265)] Failed opening key Software\Chromium to set usagestats; result: 5
[19916:3252:0623/201502.671:WARNING:account_consistency_mode_manager.cc(77)] Desktop Identity Consistency cannot be enabled as no OAuth client ID and client secret have been configured.
[19916:3252:0623/201504.663:WARNING:external_registry_loader_win.cc(232)] Error observing HKLM: 5
[19916:18876:0623/201504.663:WARNING:leveldb_database.cc(141)] Unable to open C:\Users\PC\Documents\GitHub\sgj2\spin\Saved\webcache_6613\Default\shared_proto_db\metadata: IO error: C:\Users\PC\Documents\GitHub\sgj2\spin\Saved\webcache_6613\Default\shared_proto_db\metadata/MANIFEST-000001: Unable to create sequential file (ChromeMethodBFE: 7::NewSequentialFile::1)
[19916:18876:0623/201504.666:WARNING:leveldb_database.cc(141)] Unable to open C:\Users\PC\Documents\GitHub\sgj2\spin\Saved\webcache_6613\Default\shared_proto_db\metadata: IO error: C:\Users\PC\Documents\GitHub\sgj2\spin\Saved\webcache_6613\Default\shared_proto_db\metadata/MANIFEST-000001: Unable to create sequential file (ChromeMethodBFE: 7::NewSequentialFile::1)
[19916:18876:0623/201504.669:WARNING:leveldb_database.cc(141)] Unable to open C:\Users\PC\Documents\GitHub\sgj2\spin\Saved\webcache_6613\Default\shared_proto_db\metadata: IO error: C:\Users\PC\Documents\GitHub\sgj2\spin\Saved\webcache_6613\Default\shared_proto_db\metadata/MANIFEST-000001: Unable to create sequential file (ChromeMethodBFE: 7::NewSequentialFile::1)
[19916:18876:0623/201504.671:WARNING:leveldb_database.cc(141)] Unable to open C:\Users\PC\Documents\GitHub\sgj2\spin\Saved\webcache_6613\Default\shared_proto_db\metadata: IO error: C:\Users\PC\Documents\GitHub\sgj2\spin\Saved\webcache_6613\Default\shared_proto_db\metadata/MANIFEST-000001: Unable to create sequential file (ChromeMethodBFE: 7::NewSequentialFile::1)
[19916:24212:0623/201505.021:WARNING:value_store_frontend.cc(47)] Reading ahfgeienlihckogmohjhadlkjgocpleb.alarms from  failed: IO error: .../MANIFEST-000001: Unable to create sequential file (ChromeMethodBFE: 7::NewSequentialFile::1)
[19916:24212:0623/201505.026:WARNING:value_store_frontend.cc(47)] Reading mhjfbmdgcfjbbpaeojofohoefgiehjai.alarms from  failed: IO error: .../MANIFEST-000001: Unable to create sequential file (ChromeMethodBFE: 7::NewSequentialFile::1)
[26952:19220:0623/201505.181:ERROR:backend_impl.cc(989)] Critical error found -8
[26952:19220:0623/201505.340:WARNING:storage_block-inl.h(138)] Failed data load.
[26952:19220:0623/201505.340:WARNING:storage_block-inl.h(138)] Failed data load.
[26952:19220:0623/201505.340:ERROR:entry_impl.cc(955)] Failed to save user data
[8704:21356:0623/201505.623:WARNING:frame_impl.cc(430)] virtual CefFrameImpl::SendProcessMessage sent to detached frame 5-9A94EA833C5FFB24C61E4AC0BEBDBC4B will be ignored
[19916:3252:0623/213351.641:ERROR:device_event_log_impl.cc(196)] [21:33:51.409] USB: usb_service_win.cc:105 SetupDiGetDeviceProperty({{A45C254E-DF1C-4EFD-8020-67D146A850E0}, 6}) failed: Element not found. (0x490)
[19916:3252:0623/222816.514:ERROR:device_event_log_impl.cc(196)] [22:28:16.268] USB: usb_service_win.cc:105 SetupDiGetDeviceProperty({{A45C254E-DF1C-4EFD-8020-67D146A850E0}, 6}) failed: Element not found. (0x490)
[19916:3252:0623/232212.170:ERROR:device_event_log_impl.cc(196)] [23:22:12.132] USB: usb_service_win.cc:105 SetupDiGetDeviceProperty({{A45C254E-DF1C-4EFD-8020-67D146A850E0}, 6}) failed: Element not found. (0x490)
[19916:3252:0624/001439.472:WARNING:pref_notifier_impl.cc(41)] Pref observer for media_router.cast_allow_all_ips found at shutdown.
